<?xml version="1.0" encoding="UTF-8"?>
<!-- Generated by org.testng.reporters.JUnitReportReporter -->
<testsuite hostname="Mohameds-MacBook-Pro.local" name="com.demo.testcases.TestRunner" tests="1" failures="0" timestamp="2 Sep 2016 20:09:50 GMT" time="28.574" errors="0">
  <testcase name="Test1" time="28.574" classname="com.demo.testcases.TestRunner"/>
</testsuite> <!-- com.demo.testcases.TestRunner -->
